<?xml version="1.0" encoding="UTF-8"?>
<testng-results skipped="0" failed="0" total="1" passed="1">
  <reporter-output>
    <line>
      <![CDATA[Open the Application]]>
    </line>
    <line>
      <![CDATA[Login to the Application]]>
    </line>
    <line>
      <![CDATA[Navigate to Material page]]>
    </line>
    <line>
      <![CDATA[Logout from the application]]>
    </line>
  </reporter-output>
  <suite name="Default suite" duration-ms="42057" started-at="2018-11-14T09:43:25Z" finished-at="2018-11-14T09:44:07Z">
    <groups>
    </groups>
    <test name="Default test" duration-ms="42057" started-at="2018-11-14T09:43:25Z" finished-at="2018-11-14T09:44:07Z">
      <class name="scripts.Test1_Action">
        <test-method status="PASS" signature="Test1BeforeTest()[pri:0, instance:scripts.Test1_Action@210366b4]" name="Test1BeforeTest" is-config="true" duration-ms="26262" started-at="2018-11-14T15:13:25Z" finished-at="2018-11-14T15:13:52Z">
          <reporter-output>
            <line>
              <![CDATA[Open the Application]]>
            </line>
            <line>
              <![CDATA[Login to the Application]]>
            </line>
          </reporter-output>
        </test-method> <!-- Test1BeforeTest -->
        <test-method status="PASS" signature="Test1()[pri:0, instance:scripts.Test1_Action@210366b4]" name="Test1" duration-ms="9053" started-at="2018-11-14T15:13:52Z" finished-at="2018-11-14T15:14:01Z">
          <reporter-output>
            <line>
              <![CDATA[Navigate to Material page]]>
            </line>
          </reporter-output>
        </test-method> <!-- Test1 -->
        <test-method status="PASS" signature="Test1AfterTest()[pri:0, instance:scripts.Test1_Action@210366b4]" name="Test1AfterTest" is-config="true" duration-ms="6719" started-at="2018-11-14T15:14:01Z" finished-at="2018-11-14T15:14:07Z">
          <reporter-output>
            <line>
              <![CDATA[Logout from the application]]>
            </line>
          </reporter-output>
        </test-method> <!-- Test1AfterTest -->
      </class> <!-- scripts.Test1_Action -->
    </test> <!-- Default test -->
  </suite> <!-- Default suite -->
</testng-results>
